1569166454662	mozrunner::runner	INFO	Running command: "/usr/bin/firefox" "-marionette" "-foreground" "-no-remote" "-profile" "/tmp/rust_mozprofileHg4aap"
Gtk-Message: 17:34:14.807: Failed to load module "appmenu-gtk-module"
1569166455279	addons.webextension.screenshots@mozilla.org	WARN	Loading extension 'screenshots@mozilla.org': Reading manifest: Invalid extension permission: mozillaAddons
1569166455280	addons.webextension.screenshots@mozilla.org	WARN	Loading extension 'screenshots@mozilla.org': Reading manifest: Invalid extension permission: telemetry
1569166455280	addons.webextension.screenshots@mozilla.org	WARN	Loading extension 'screenshots@mozilla.org': Reading manifest: Invalid extension permission: resource://pdf.js/
1569166455280	addons.webextension.screenshots@mozilla.org	WARN	Loading extension 'screenshots@mozilla.org': Reading manifest: Invalid extension permission: about:reader*

(firefox:5063): GLib-GIO-WARNING **: 17:34:15.484: /etc/xdg/kde-mimeapps.list contains a [Added Associations] group, but it is not permitted here.  Only the non-desktop-specific mimeapps.list file may add or remove associations.
Gtk-Message: 17:34:15.996: Failed to load module "appmenu-gtk-module"
Gtk-Message: 17:34:16.190: Failed to load module "appmenu-gtk-module"
Gtk-Message: 17:34:17.211: Failed to load module "appmenu-gtk-module"
1569166457229	Marionette	INFO	Listening on port 45105
1569166457272	Marionette	WARN	TLS certificate errors will be ignored for this session
JavaScript error: https://cdnjs.cloudflare.com/ajax/libs/bootstrap-datepicker/1.3.1/js/bootstrap-datepicker.min.js, line 1: TypeError: t is not a function
JavaScript error: https://cdnjs.cloudflare.com/ajax/libs/bootstrap-datepicker/1.3.1/js/locales/bootstrap-datepicker.nl.min.js, line 1: ReferenceError: jQuery is not defined
1569166539281	mozrunner::runner	INFO	Running command: "/usr/bin/firefox" "-marionette" "-foreground" "-no-remote" "-profile" "/tmp/rust_mozprofilekMsLBM"
Gtk-Message: 17:35:39.398: Failed to load module "appmenu-gtk-module"
1569166539823	addons.webextension.screenshots@mozilla.org	WARN	Loading extension 'screenshots@mozilla.org': Reading manifest: Invalid extension permission: mozillaAddons
1569166539823	addons.webextension.screenshots@mozilla.org	WARN	Loading extension 'screenshots@mozilla.org': Reading manifest: Invalid extension permission: telemetry
1569166539823	addons.webextension.screenshots@mozilla.org	WARN	Loading extension 'screenshots@mozilla.org': Reading manifest: Invalid extension permission: resource://pdf.js/
1569166539823	addons.webextension.screenshots@mozilla.org	WARN	Loading extension 'screenshots@mozilla.org': Reading manifest: Invalid extension permission: about:reader*

(firefox:5346): GLib-GIO-WARNING **: 17:35:40.019: /etc/xdg/kde-mimeapps.list contains a [Added Associations] group, but it is not permitted here.  Only the non-desktop-specific mimeapps.list file may add or remove associations.
Gtk-Message: 17:35:40.505: Failed to load module "appmenu-gtk-module"
Gtk-Message: 17:35:40.694: Failed to load module "appmenu-gtk-module"
1569166541648	Marionette	INFO	Listening on port 36621
Gtk-Message: 17:35:41.653: Failed to load module "appmenu-gtk-module"
1569166541689	Marionette	WARN	TLS certificate errors will be ignored for this session
JavaScript error: https://cdnjs.cloudflare.com/ajax/libs/bootstrap-datepicker/1.3.1/js/bootstrap-datepicker.min.js, line 1: TypeError: t is not a function
JavaScript error: https://cdnjs.cloudflare.com/ajax/libs/bootstrap-datepicker/1.3.1/js/locales/bootstrap-datepicker.nl.min.js, line 1: ReferenceError: jQuery is not defined
1569166736465	mozrunner::runner	INFO	Running command: "/usr/bin/firefox" "-marionette" "-foreground" "-no-remote" "-profile" "/tmp/rust_mozprofileK5ODX8"
Gtk-Message: 17:38:56.572: Failed to load module "appmenu-gtk-module"
1569166736999	addons.webextension.screenshots@mozilla.org	WARN	Loading extension 'screenshots@mozilla.org': Reading manifest: Invalid extension permission: mozillaAddons
1569166736999	addons.webextension.screenshots@mozilla.org	WARN	Loading extension 'screenshots@mozilla.org': Reading manifest: Invalid extension permission: telemetry
1569166737000	addons.webextension.screenshots@mozilla.org	WARN	Loading extension 'screenshots@mozilla.org': Reading manifest: Invalid extension permission: resource://pdf.js/
1569166737000	addons.webextension.screenshots@mozilla.org	WARN	Loading extension 'screenshots@mozilla.org': Reading manifest: Invalid extension permission: about:reader*

(firefox:5699): GLib-GIO-WARNING **: 17:38:57.198: /etc/xdg/kde-mimeapps.list contains a [Added Associations] group, but it is not permitted here.  Only the non-desktop-specific mimeapps.list file may add or remove associations.
Gtk-Message: 17:38:57.715: Failed to load module "appmenu-gtk-module"
Gtk-Message: 17:38:57.863: Failed to load module "appmenu-gtk-module"
1569166738798	Marionette	INFO	Listening on port 39951
Gtk-Message: 17:38:58.834: Failed to load module "appmenu-gtk-module"
1569166738879	Marionette	WARN	TLS certificate errors will be ignored for this session
JavaScript error: https://cdnjs.cloudflare.com/ajax/libs/bootstrap-datepicker/1.3.1/js/bootstrap-datepicker.min.js, line 1: TypeError: t is not a function
JavaScript error: https://cdnjs.cloudflare.com/ajax/libs/bootstrap-datepicker/1.3.1/js/locales/bootstrap-datepicker.nl.min.js, line 1: ReferenceError: jQuery is not defined
[Parent 5699, Gecko_IOThread] WARNING: pipe error (72): Connection reset by peer: file /build/src/firefox-69.0.1/ipc/chromium/src/chrome/common/ipc_channel_posix.cc, line 358
1569166789907	Marionette	INFO	Stopped listening on port 39951
1569166812721	mozrunner::runner	INFO	Running command: "/usr/bin/firefox" "-marionette" "-foreground" "-no-remote" "-profile" "/tmp/rust_mozprofilepGyXLH"
Gtk-Message: 17:40:12.852: Failed to load module "appmenu-gtk-module"
1569166813284	addons.webextension.screenshots@mozilla.org	WARN	Loading extension 'screenshots@mozilla.org': Reading manifest: Invalid extension permission: mozillaAddons
1569166813284	addons.webextension.screenshots@mozilla.org	WARN	Loading extension 'screenshots@mozilla.org': Reading manifest: Invalid extension permission: telemetry
1569166813285	addons.webextension.screenshots@mozilla.org	WARN	Loading extension 'screenshots@mozilla.org': Reading manifest: Invalid extension permission: resource://pdf.js/
1569166813285	addons.webextension.screenshots@mozilla.org	WARN	Loading extension 'screenshots@mozilla.org': Reading manifest: Invalid extension permission: about:reader*

(firefox:5961): GLib-GIO-WARNING **: 17:40:13.481: /etc/xdg/kde-mimeapps.list contains a [Added Associations] group, but it is not permitted here.  Only the non-desktop-specific mimeapps.list file may add or remove associations.
Gtk-Message: 17:40:13.969: Failed to load module "appmenu-gtk-module"
Gtk-Message: 17:40:14.129: Failed to load module "appmenu-gtk-module"
1569166815052	Marionette	INFO	Listening on port 42395
Gtk-Message: 17:40:15.090: Failed to load module "appmenu-gtk-module"
1569166815129	Marionette	WARN	TLS certificate errors will be ignored for this session
JavaScript error: https://cdnjs.cloudflare.com/ajax/libs/bootstrap-datepicker/1.3.1/js/bootstrap-datepicker.min.js, line 1: TypeError: t is not a function
JavaScript error: https://cdnjs.cloudflare.com/ajax/libs/bootstrap-datepicker/1.3.1/js/locales/bootstrap-datepicker.nl.min.js, line 1: ReferenceError: jQuery is not defined
1569166943904	mozrunner::runner	INFO	Running command: "/usr/bin/firefox" "-marionette" "-foreground" "-no-remote" "-profile" "/tmp/rust_mozprofile2RqggB"
Gtk-Message: 17:42:24.021: Failed to load module "appmenu-gtk-module"
1569166944448	addons.webextension.screenshots@mozilla.org	WARN	Loading extension 'screenshots@mozilla.org': Reading manifest: Invalid extension permission: mozillaAddons
1569166944449	addons.webextension.screenshots@mozilla.org	WARN	Loading extension 'screenshots@mozilla.org': Reading manifest: Invalid extension permission: telemetry
1569166944449	addons.webextension.screenshots@mozilla.org	WARN	Loading extension 'screenshots@mozilla.org': Reading manifest: Invalid extension permission: resource://pdf.js/
1569166944449	addons.webextension.screenshots@mozilla.org	WARN	Loading extension 'screenshots@mozilla.org': Reading manifest: Invalid extension permission: about:reader*

(firefox:6252): GLib-GIO-WARNING **: 17:42:24.651: /etc/xdg/kde-mimeapps.list contains a [Added Associations] group, but it is not permitted here.  Only the non-desktop-specific mimeapps.list file may add or remove associations.
Gtk-Message: 17:42:25.143: Failed to load module "appmenu-gtk-module"
Gtk-Message: 17:42:25.490: Failed to load module "appmenu-gtk-module"
1569166946467	Marionette	INFO	Listening on port 37615
Gtk-Message: 17:42:26.503: Failed to load module "appmenu-gtk-module"
1569166946538	Marionette	WARN	TLS certificate errors will be ignored for this session
JavaScript error: https://cdnjs.cloudflare.com/ajax/libs/bootstrap-datepicker/1.3.1/js/bootstrap-datepicker.min.js, line 1: TypeError: t is not a function
JavaScript error: https://cdnjs.cloudflare.com/ajax/libs/bootstrap-datepicker/1.3.1/js/locales/bootstrap-datepicker.nl.min.js, line 1: ReferenceError: jQuery is not defined
1569166955989	mozrunner::runner	INFO	Running command: "/usr/bin/firefox" "-marionette" "-foreground" "-no-remote" "-profile" "/tmp/rust_mozprofilel51wYj"
Gtk-Message: 17:42:36.110: Failed to load module "appmenu-gtk-module"
1569166956537	addons.webextension.screenshots@mozilla.org	WARN	Loading extension 'screenshots@mozilla.org': Reading manifest: Invalid extension permission: mozillaAddons
1569166956538	addons.webextension.screenshots@mozilla.org	WARN	Loading extension 'screenshots@mozilla.org': Reading manifest: Invalid extension permission: telemetry
1569166956538	addons.webextension.screenshots@mozilla.org	WARN	Loading extension 'screenshots@mozilla.org': Reading manifest: Invalid extension permission: resource://pdf.js/
1569166956538	addons.webextension.screenshots@mozilla.org	WARN	Loading extension 'screenshots@mozilla.org': Reading manifest: Invalid extension permission: about:reader*

(firefox:6484): GLib-GIO-WARNING **: 17:42:36.731: /etc/xdg/kde-mimeapps.list contains a [Added Associations] group, but it is not permitted here.  Only the non-desktop-specific mimeapps.list file may add or remove associations.
Gtk-Message: 17:42:37.218: Failed to load module "appmenu-gtk-module"
Gtk-Message: 17:42:37.399: Failed to load module "appmenu-gtk-module"
1569166958319	Marionette	INFO	Listening on port 41103
Gtk-Message: 17:42:38.357: Failed to load module "appmenu-gtk-module"
1569166958398	Marionette	WARN	TLS certificate errors will be ignored for this session
JavaScript error: https://cdnjs.cloudflare.com/ajax/libs/bootstrap-datepicker/1.3.1/js/bootstrap-datepicker.min.js, line 1: TypeError: t is not a function
JavaScript error: https://cdnjs.cloudflare.com/ajax/libs/bootstrap-datepicker/1.3.1/js/locales/bootstrap-datepicker.nl.min.js, line 1: ReferenceError: jQuery is not defined
1569166962495	mozrunner::runner	INFO	Running command: "/usr/bin/firefox" "-marionette" "-foreground" "-no-remote" "-profile" "/tmp/rust_mozprofilei4vY0z"
Gtk-Message: 17:42:42.619: Failed to load module "appmenu-gtk-module"
1569166963038	addons.webextension.screenshots@mozilla.org	WARN	Loading extension 'screenshots@mozilla.org': Reading manifest: Invalid extension permission: mozillaAddons
1569166963038	addons.webextension.screenshots@mozilla.org	WARN	Loading extension 'screenshots@mozilla.org': Reading manifest: Invalid extension permission: telemetry
1569166963038	addons.webextension.screenshots@mozilla.org	WARN	Loading extension 'screenshots@mozilla.org': Reading manifest: Invalid extension permission: resource://pdf.js/
1569166963039	addons.webextension.screenshots@mozilla.org	WARN	Loading extension 'screenshots@mozilla.org': Reading manifest: Invalid extension permission: about:reader*

(firefox:6713): GLib-GIO-WARNING **: 17:42:43.239: /etc/xdg/kde-mimeapps.list contains a [Added Associations] group, but it is not permitted here.  Only the non-desktop-specific mimeapps.list file may add or remove associations.
Gtk-Message: 17:42:43.746: Failed to load module "appmenu-gtk-module"
Gtk-Message: 17:42:43.904: Failed to load module "appmenu-gtk-module"
1569166964851	Marionette	INFO	Listening on port 37617
Gtk-Message: 17:42:44.899: Failed to load module "appmenu-gtk-module"
1569166964912	Marionette	WARN	TLS certificate errors will be ignored for this session
JavaScript error: https://cdnjs.cloudflare.com/ajax/libs/bootstrap-datepicker/1.3.1/js/bootstrap-datepicker.min.js, line 1: TypeError: t is not a function
JavaScript error: https://cdnjs.cloudflare.com/ajax/libs/bootstrap-datepicker/1.3.1/js/locales/bootstrap-datepicker.nl.min.js, line 1: ReferenceError: jQuery is not defined
IPDL protocol error: Handler returned error code!

###!!! [Parent][DispatchAsyncMessage] Error: PLayerTransaction::Msg_ReleaseLayer Processing error: message was deserialized, but the handler returned false (indicating failure)

IPDL protocol error: Handler returned error code!

###!!! [Parent][DispatchAsyncMessage] Error: PLayerTransaction::Msg_ReleaseLayer Processing error: message was deserialized, but the handler returned false (indicating failure)

IPDL protocol error: Handler returned error code!

###!!! [Parent][DispatchAsyncMessage] Error: PLayerTransaction::Msg_ReleaseLayer Processing error: message was deserialized, but the handler returned false (indicating failure)

IPDL protocol error: Handler returned error code!

###!!! [Parent][DispatchAsyncMessage] Error: PLayerTransaction::Msg_ReleaseLayer Processing error: message was deserialized, but the handler returned false (indicating failure)

IPDL protocol error: Handler returned error code!

###!!! [Parent][DispatchAsyncMessage] Error: PLayerTransaction::Msg_ReleaseLayer Processing error: message was deserialized, but the handler returned false (indicating failure)

IPDL protocol error: Handler returned error code!

###!!! [Parent][DispatchAsyncMessage] Error: PLayerTransaction::Msg_ReleaseLayer Processing error: message was deserialized, but the handler returned false (indicating failure)


###!!! [Child][MessageChannel] Error: (msgtype=0x3600C0,name=PContent::Msg_ScriptError) Channel closing: too late to send/recv, messages will be lost


###!!! [Child][MessageChannel] Error: (msgtype=0x3600C0,name=PContent::Msg_ScriptError) Channel closing: too late to send/recv, messages will be lost


###!!! [Child][RunMessage] Error: Channel closing: too late to send/recv, messages will be lost


###!!! [Child][RunMessage] Error: Channel closing: too late to send/recv, messages will be lost


###!!! [Child][RunMessage] Error: Channel closing: too late to send/recv, messages will be lost


###!!! [Child][RunMessage] Error: Channel closing: too late to send/recv, messages will be lost


###!!! [Child][RunMessage] Error: Channel closing: too late to send/recv, messages will be lost


###!!! [Child][RunMessage] Error: Channel closing: too late to send/recv, messages will be lost


###!!! [Child][RunMessage] Error: Channel closing: too late to send/recv, messages will be lost


###!!! [Child][RunMessage] Error: Channel closing: too late to send/recv, messages will be lost


###!!! [Child][RunMessage] Error: Channel closing: too late to send/recv, messages will be lost


###!!! [Child][RunMessage] Error: Channel closing: too late to send/recv, messages will be lost


###!!! [Child][RunMessage] Error: Channel closing: too late to send/recv, messages will be lost


###!!! [Child][RunMessage] Error: Channel closing: too late to send/recv, messages will be lost


###!!! [Child][RunMessage] Error: Channel closing: too late to send/recv, messages will be lost


###!!! [Child][RunMessage] Error: Channel closing: too late to send/recv, messages will be lost


###!!! [Child][RunMessage] Error: Channel closing: too late to send/recv, messages will be lost

1569167001294	mozrunner::runner	INFO	Running command: "/usr/bin/firefox" "-marionette" "-foreground" "-no-remote" "-profile" "/tmp/rust_mozprofileCaiaJ3"
Gtk-Message: 17:43:21.426: Failed to load module "appmenu-gtk-module"
1569167001919	addons.webextension.screenshots@mozilla.org	WARN	Loading extension 'screenshots@mozilla.org': Reading manifest: Invalid extension permission: mozillaAddons
1569167001919	addons.webextension.screenshots@mozilla.org	WARN	Loading extension 'screenshots@mozilla.org': Reading manifest: Invalid extension permission: telemetry
1569167001919	addons.webextension.screenshots@mozilla.org	WARN	Loading extension 'screenshots@mozilla.org': Reading manifest: Invalid extension permission: resource://pdf.js/
1569167001919	addons.webextension.screenshots@mozilla.org	WARN	Loading extension 'screenshots@mozilla.org': Reading manifest: Invalid extension permission: about:reader*

(firefox:6958): GLib-GIO-WARNING **: 17:43:22.115: /etc/xdg/kde-mimeapps.list contains a [Added Associations] group, but it is not permitted here.  Only the non-desktop-specific mimeapps.list file may add or remove associations.
Gtk-Message: 17:43:22.636: Failed to load module "appmenu-gtk-module"
Gtk-Message: 17:43:22.772: Failed to load module "appmenu-gtk-module"
Gtk-Message: 17:43:23.961: Failed to load module "appmenu-gtk-module"
1569167003980	Marionette	INFO	Listening on port 34361
1569167004007	Marionette	WARN	TLS certificate errors will be ignored for this session
JavaScript error: https://cdnjs.cloudflare.com/ajax/libs/bootstrap-datepicker/1.3.1/js/bootstrap-datepicker.min.js, line 1: TypeError: t is not a function
JavaScript error: https://cdnjs.cloudflare.com/ajax/libs/bootstrap-datepicker/1.3.1/js/locales/bootstrap-datepicker.nl.min.js, line 1: ReferenceError: jQuery is not defined
1569167011815	Marionette	INFO	Stopped listening on port 34361
1569167092797	mozrunner::runner	INFO	Running command: "/usr/bin/firefox" "-marionette" "--start-maximized" "-foreground" "-no-remote" "-profile" "/tmp/rust_mozprofileOeBE2D"
Gtk-Message: 17:44:52.897: Failed to load module "appmenu-gtk-module"
1569167093331	addons.webextension.screenshots@mozilla.org	WARN	Loading extension 'screenshots@mozilla.org': Reading manifest: Invalid extension permission: mozillaAddons
1569167093332	addons.webextension.screenshots@mozilla.org	WARN	Loading extension 'screenshots@mozilla.org': Reading manifest: Invalid extension permission: telemetry
1569167093332	addons.webextension.screenshots@mozilla.org	WARN	Loading extension 'screenshots@mozilla.org': Reading manifest: Invalid extension permission: resource://pdf.js/
1569167093332	addons.webextension.screenshots@mozilla.org	WARN	Loading extension 'screenshots@mozilla.org': Reading manifest: Invalid extension permission: about:reader*

(firefox:7213): GLib-GIO-WARNING **: 17:44:53.527: /etc/xdg/kde-mimeapps.list contains a [Added Associations] group, but it is not permitted here.  Only the non-desktop-specific mimeapps.list file may add or remove associations.
Gtk-Message: 17:44:54.020: Failed to load module "appmenu-gtk-module"
Gtk-Message: 17:44:54.179: Failed to load module "appmenu-gtk-module"
1569167095129	Marionette	INFO	Listening on port 43481
Gtk-Message: 17:44:55.162: Failed to load module "appmenu-gtk-module"
1569167095209	Marionette	WARN	TLS certificate errors will be ignored for this session
JavaScript error: https://cdnjs.cloudflare.com/ajax/libs/bootstrap-datepicker/1.3.1/js/bootstrap-datepicker.min.js, line 1: TypeError: t is not a function
JavaScript error: https://cdnjs.cloudflare.com/ajax/libs/bootstrap-datepicker/1.3.1/js/locales/bootstrap-datepicker.nl.min.js, line 1: ReferenceError: jQuery is not defined
1569167139228	mozrunner::runner	INFO	Running command: "/usr/bin/firefox" "-marionette" "--start-maximized" "-foreground" "-no-remote" "-profile" "/tmp/rust_mozprofilea3pgDk"
Gtk-Message: 17:45:39.361: Failed to load module "appmenu-gtk-module"
1569167139786	addons.webextension.screenshots@mozilla.org	WARN	Loading extension 'screenshots@mozilla.org': Reading manifest: Invalid extension permission: mozillaAddons
1569167139786	addons.webextension.screenshots@mozilla.org	WARN	Loading extension 'screenshots@mozilla.org': Reading manifest: Invalid extension permission: telemetry
1569167139786	addons.webextension.screenshots@mozilla.org	WARN	Loading extension 'screenshots@mozilla.org': Reading manifest: Invalid extension permission: resource://pdf.js/
1569167139787	addons.webextension.screenshots@mozilla.org	WARN	Loading extension 'screenshots@mozilla.org': Reading manifest: Invalid extension permission: about:reader*

(firefox:7462): GLib-GIO-WARNING **: 17:45:39.984: /etc/xdg/kde-mimeapps.list contains a [Added Associations] group, but it is not permitted here.  Only the non-desktop-specific mimeapps.list file may add or remove associations.
Gtk-Message: 17:45:40.469: Failed to load module "appmenu-gtk-module"
Gtk-Message: 17:45:40.633: Failed to load module "appmenu-gtk-module"
1569167141552	Marionette	INFO	Listening on port 37861
Gtk-Message: 17:45:41.588: Failed to load module "appmenu-gtk-module"
1569167141636	Marionette	WARN	TLS certificate errors will be ignored for this session
JavaScript error: https://cdnjs.cloudflare.com/ajax/libs/bootstrap-datepicker/1.3.1/js/bootstrap-datepicker.min.js, line 1: TypeError: t is not a function
JavaScript error: https://cdnjs.cloudflare.com/ajax/libs/bootstrap-datepicker/1.3.1/js/locales/bootstrap-datepicker.nl.min.js, line 1: ReferenceError: jQuery is not defined
1569167183188	mozrunner::runner	INFO	Running command: "/usr/bin/firefox" "-marionette" "--start-maximized" "-foreground" "-no-remote" "-profile" "/tmp/rust_mozprofileFdA11M"
Gtk-Message: 17:46:23.363: Failed to load module "appmenu-gtk-module"
1569167183798	addons.webextension.screenshots@mozilla.org	WARN	Loading extension 'screenshots@mozilla.org': Reading manifest: Invalid extension permission: mozillaAddons
1569167183798	addons.webextension.screenshots@mozilla.org	WARN	Loading extension 'screenshots@mozilla.org': Reading manifest: Invalid extension permission: telemetry
1569167183799	addons.webextension.screenshots@mozilla.org	WARN	Loading extension 'screenshots@mozilla.org': Reading manifest: Invalid extension permission: resource://pdf.js/
1569167183799	addons.webextension.screenshots@mozilla.org	WARN	Loading extension 'screenshots@mozilla.org': Reading manifest: Invalid extension permission: about:reader*

(firefox:7710): GLib-GIO-WARNING **: 17:46:23.994: /etc/xdg/kde-mimeapps.list contains a [Added Associations] group, but it is not permitted here.  Only the non-desktop-specific mimeapps.list file may add or remove associations.
Gtk-Message: 17:46:24.484: Failed to load module "appmenu-gtk-module"
Gtk-Message: 17:46:24.654: Failed to load module "appmenu-gtk-module"
1569167185594	Marionette	INFO	Listening on port 41417
Gtk-Message: 17:46:25.630: Failed to load module "appmenu-gtk-module"
1569167185697	Marionette	WARN	TLS certificate errors will be ignored for this session
JavaScript error: https://cdnjs.cloudflare.com/ajax/libs/bootstrap-datepicker/1.3.1/js/bootstrap-datepicker.min.js, line 1: TypeError: t is not a function
JavaScript error: https://cdnjs.cloudflare.com/ajax/libs/bootstrap-datepicker/1.3.1/js/locales/bootstrap-datepicker.nl.min.js, line 1: ReferenceError: jQuery is not defined
1569167221849	mozrunner::runner	INFO	Running command: "/usr/bin/firefox" "-marionette" "--start-maximized" "-foreground" "-no-remote" "-profile" "/tmp/rust_mozprofilevcMg93"
Gtk-Message: 17:47:01.981: Failed to load module "appmenu-gtk-module"
1569167222425	addons.webextension.screenshots@mozilla.org	WARN	Loading extension 'screenshots@mozilla.org': Reading manifest: Invalid extension permission: mozillaAddons
1569167222426	addons.webextension.screenshots@mozilla.org	WARN	Loading extension 'screenshots@mozilla.org': Reading manifest: Invalid extension permission: telemetry
1569167222426	addons.webextension.screenshots@mozilla.org	WARN	Loading extension 'screenshots@mozilla.org': Reading manifest: Invalid extension permission: resource://pdf.js/
1569167222426	addons.webextension.screenshots@mozilla.org	WARN	Loading extension 'screenshots@mozilla.org': Reading manifest: Invalid extension permission: about:reader*

(firefox:7947): GLib-GIO-WARNING **: 17:47:02.621: /etc/xdg/kde-mimeapps.list contains a [Added Associations] group, but it is not permitted here.  Only the non-desktop-specific mimeapps.list file may add or remove associations.
Gtk-Message: 17:47:03.131: Failed to load module "appmenu-gtk-module"
Gtk-Message: 17:47:03.298: Failed to load module "appmenu-gtk-module"
1569167224466	Marionette	INFO	Listening on port 41477
Gtk-Message: 17:47:04.497: Failed to load module "appmenu-gtk-module"
1569167224564	Marionette	WARN	TLS certificate errors will be ignored for this session
JavaScript error: https://cdnjs.cloudflare.com/ajax/libs/bootstrap-datepicker/1.3.1/js/bootstrap-datepicker.min.js, line 1: TypeError: t is not a function
JavaScript error: https://cdnjs.cloudflare.com/ajax/libs/bootstrap-datepicker/1.3.1/js/locales/bootstrap-datepicker.nl.min.js, line 1: ReferenceError: jQuery is not defined
1569167234255	mozrunner::runner	INFO	Running command: "/usr/bin/firefox" "-marionette" "--start-maximized" "-foreground" "-no-remote" "-profile" "/tmp/rust_mozprofiletulXF1"
Gtk-Message: 17:47:14.374: Failed to load module "appmenu-gtk-module"
1569167234800	addons.webextension.screenshots@mozilla.org	WARN	Loading extension 'screenshots@mozilla.org': Reading manifest: Invalid extension permission: mozillaAddons
1569167234800	addons.webextension.screenshots@mozilla.org	WARN	Loading extension 'screenshots@mozilla.org': Reading manifest: Invalid extension permission: telemetry
1569167234800	addons.webextension.screenshots@mozilla.org	WARN	Loading extension 'screenshots@mozilla.org': Reading manifest: Invalid extension permission: resource://pdf.js/
1569167234800	addons.webextension.screenshots@mozilla.org	WARN	Loading extension 'screenshots@mozilla.org': Reading manifest: Invalid extension permission: about:reader*

(firefox:8181): GLib-GIO-WARNING **: 17:47:14.990: /etc/xdg/kde-mimeapps.list contains a [Added Associations] group, but it is not permitted here.  Only the non-desktop-specific mimeapps.list file may add or remove associations.
Gtk-Message: 17:47:15.476: Failed to load module "appmenu-gtk-module"
Gtk-Message: 17:47:15.650: Failed to load module "appmenu-gtk-module"
1569167236605	Marionette	INFO	Listening on port 38371
Gtk-Message: 17:47:16.616: Failed to load module "appmenu-gtk-module"
1569167236663	Marionette	WARN	TLS certificate errors will be ignored for this session
JavaScript error: https://cdnjs.cloudflare.com/ajax/libs/bootstrap-datepicker/1.3.1/js/bootstrap-datepicker.min.js, line 1: TypeError: t is not a function
JavaScript error: https://cdnjs.cloudflare.com/ajax/libs/bootstrap-datepicker/1.3.1/js/locales/bootstrap-datepicker.nl.min.js, line 1: ReferenceError: jQuery is not defined
1569167246944	Marionette	INFO	Stopped listening on port 38371
1569167259724	mozrunner::runner	INFO	Running command: "/usr/bin/firefox" "-marionette" "--start-maximized" "-foreground" "-no-remote" "-profile" "/tmp/rust_mozprofilejlyJAK"
Gtk-Message: 17:47:39.846: Failed to load module "appmenu-gtk-module"
1569167260348	addons.webextension.screenshots@mozilla.org	WARN	Loading extension 'screenshots@mozilla.org': Reading manifest: Invalid extension permission: mozillaAddons
1569167260349	addons.webextension.screenshots@mozilla.org	WARN	Loading extension 'screenshots@mozilla.org': Reading manifest: Invalid extension permission: telemetry
1569167260349	addons.webextension.screenshots@mozilla.org	WARN	Loading extension 'screenshots@mozilla.org': Reading manifest: Invalid extension permission: resource://pdf.js/
1569167260349	addons.webextension.screenshots@mozilla.org	WARN	Loading extension 'screenshots@mozilla.org': Reading manifest: Invalid extension permission: about:reader*

(firefox:8425): GLib-GIO-WARNING **: 17:47:40.543: /etc/xdg/kde-mimeapps.list contains a [Added Associations] group, but it is not permitted here.  Only the non-desktop-specific mimeapps.list file may add or remove associations.
Gtk-Message: 17:47:41.073: Failed to load module "appmenu-gtk-module"
Gtk-Message: 17:47:41.223: Failed to load module "appmenu-gtk-module"
Gtk-Message: 17:47:42.398: Failed to load module "appmenu-gtk-module"
1569167262401	Marionette	INFO	Listening on port 41049
1569167262454	Marionette	WARN	TLS certificate errors will be ignored for this session
JavaScript error: https://cdnjs.cloudflare.com/ajax/libs/bootstrap-datepicker/1.3.1/js/bootstrap-datepicker.min.js, line 1: TypeError: t is not a function
JavaScript error: https://cdnjs.cloudflare.com/ajax/libs/bootstrap-datepicker/1.3.1/js/locales/bootstrap-datepicker.nl.min.js, line 1: ReferenceError: jQuery is not defined
1569167273433	mozrunner::runner	INFO	Running command: "/usr/bin/firefox" "-marionette" "--start-maximized" "-foreground" "-no-remote" "-profile" "/tmp/rust_mozprofileT3oVsj"
Gtk-Message: 17:47:53.541: Failed to load module "appmenu-gtk-module"
1569167273974	addons.webextension.screenshots@mozilla.org	WARN	Loading extension 'screenshots@mozilla.org': Reading manifest: Invalid extension permission: mozillaAddons
1569167273974	addons.webextension.screenshots@mozilla.org	WARN	Loading extension 'screenshots@mozilla.org': Reading manifest: Invalid extension permission: telemetry
1569167273974	addons.webextension.screenshots@mozilla.org	WARN	Loading extension 'screenshots@mozilla.org': Reading manifest: Invalid extension permission: resource://pdf.js/
1569167273974	addons.webextension.screenshots@mozilla.org	WARN	Loading extension 'screenshots@mozilla.org': Reading manifest: Invalid extension permission: about:reader*

(firefox:8667): GLib-GIO-WARNING **: 17:47:54.174: /etc/xdg/kde-mimeapps.list contains a [Added Associations] group, but it is not permitted here.  Only the non-desktop-specific mimeapps.list file may add or remove associations.
Gtk-Message: 17:47:54.665: Failed to load module "appmenu-gtk-module"
Gtk-Message: 17:47:54.834: Failed to load module "appmenu-gtk-module"
Gtk-Message: 17:47:55.810: Failed to load module "appmenu-gtk-module"
1569167275822	Marionette	INFO	Listening on port 43351
1569167275847	Marionette	WARN	TLS certificate errors will be ignored for this session
JavaScript error: https://cdnjs.cloudflare.com/ajax/libs/bootstrap-datepicker/1.3.1/js/bootstrap-datepicker.min.js, line 1: TypeError: t is not a function
JavaScript error: https://cdnjs.cloudflare.com/ajax/libs/bootstrap-datepicker/1.3.1/js/locales/bootstrap-datepicker.nl.min.js, line 1: ReferenceError: jQuery is not defined
1569167342008	Marionette	INFO	Stopped listening on port 43351
1569167354950	mozrunner::runner	INFO	Running command: "/usr/bin/firefox" "-marionette" "--start-maximized" "-foreground" "-no-remote" "-profile" "/tmp/rust_mozprofilensHbIj"
Gtk-Message: 17:49:15.073: Failed to load module "appmenu-gtk-module"
1569167355517	addons.webextension.screenshots@mozilla.org	WARN	Loading extension 'screenshots@mozilla.org': Reading manifest: Invalid extension permission: mozillaAddons
1569167355518	addons.webextension.screenshots@mozilla.org	WARN	Loading extension 'screenshots@mozilla.org': Reading manifest: Invalid extension permission: telemetry
1569167355518	addons.webextension.screenshots@mozilla.org	WARN	Loading extension 'screenshots@mozilla.org': Reading manifest: Invalid extension permission: resource://pdf.js/
1569167355518	addons.webextension.screenshots@mozilla.org	WARN	Loading extension 'screenshots@mozilla.org': Reading manifest: Invalid extension permission: about:reader*

(firefox:8936): GLib-GIO-WARNING **: 17:49:15.714: /etc/xdg/kde-mimeapps.list contains a [Added Associations] group, but it is not permitted here.  Only the non-desktop-specific mimeapps.list file may add or remove associations.
Gtk-Message: 17:49:16.213: Failed to load module "appmenu-gtk-module"
Gtk-Message: 17:49:16.376: Failed to load module "appmenu-gtk-module"
1569167357296	Marionette	INFO	Listening on port 36855
Gtk-Message: 17:49:17.335: Failed to load module "appmenu-gtk-module"
1569167357360	Marionette	WARN	TLS certificate errors will be ignored for this session
JavaScript error: https://cdnjs.cloudflare.com/ajax/libs/bootstrap-datepicker/1.3.1/js/bootstrap-datepicker.min.js, line 1: TypeError: t is not a function
JavaScript error: https://cdnjs.cloudflare.com/ajax/libs/bootstrap-datepicker/1.3.1/js/locales/bootstrap-datepicker.nl.min.js, line 1: ReferenceError: jQuery is not defined
1569167368640	Marionette	INFO	Stopped listening on port 36855
1569167379763	mozrunner::runner	INFO	Running command: "/usr/bin/firefox" "-marionette" "--start-maximized" "-foreground" "-no-remote" "-profile" "/tmp/rust_mozprofileGEdxSu"
Gtk-Message: 17:49:39.896: Failed to load module "appmenu-gtk-module"
1569167380318	addons.webextension.screenshots@mozilla.org	WARN	Loading extension 'screenshots@mozilla.org': Reading manifest: Invalid extension permission: mozillaAddons
1569167380318	addons.webextension.screenshots@mozilla.org	WARN	Loading extension 'screenshots@mozilla.org': Reading manifest: Invalid extension permission: telemetry
1569167380318	addons.webextension.screenshots@mozilla.org	WARN	Loading extension 'screenshots@mozilla.org': Reading manifest: Invalid extension permission: resource://pdf.js/
1569167380319	addons.webextension.screenshots@mozilla.org	WARN	Loading extension 'screenshots@mozilla.org': Reading manifest: Invalid extension permission: about:reader*

(firefox:9179): GLib-GIO-WARNING **: 17:49:40.517: /etc/xdg/kde-mimeapps.list contains a [Added Associations] group, but it is not permitted here.  Only the non-desktop-specific mimeapps.list file may add or remove associations.
Gtk-Message: 17:49:41.007: Failed to load module "appmenu-gtk-module"
Gtk-Message: 17:49:41.164: Failed to load module "appmenu-gtk-module"
1569167382426	Marionette	INFO	Listening on port 41627
Gtk-Message: 17:49:42.439: Failed to load module "appmenu-gtk-module"
1569167382484	Marionette	WARN	TLS certificate errors will be ignored for this session
JavaScript error: https://cdnjs.cloudflare.com/ajax/libs/bootstrap-datepicker/1.3.1/js/bootstrap-datepicker.min.js, line 1: TypeError: t is not a function
JavaScript error: https://cdnjs.cloudflare.com/ajax/libs/bootstrap-datepicker/1.3.1/js/locales/bootstrap-datepicker.nl.min.js, line 1: ReferenceError: jQuery is not defined
1569167387056	Marionette	INFO	Stopped listening on port 41627
1569167395866	mozrunner::runner	INFO	Running command: "/usr/bin/firefox" "-marionette" "--start-maximized" "-foreground" "-no-remote" "-profile" "/tmp/rust_mozprofileMSCsxV"
Gtk-Message: 17:49:55.964: Failed to load module "appmenu-gtk-module"
1569167396402	addons.webextension.screenshots@mozilla.org	WARN	Loading extension 'screenshots@mozilla.org': Reading manifest: Invalid extension permission: mozillaAddons
1569167396403	addons.webextension.screenshots@mozilla.org	WARN	Loading extension 'screenshots@mozilla.org': Reading manifest: Invalid extension permission: telemetry
1569167396403	addons.webextension.screenshots@mozilla.org	WARN	Loading extension 'screenshots@mozilla.org': Reading manifest: Invalid extension permission: resource://pdf.js/
1569167396403	addons.webextension.screenshots@mozilla.org	WARN	Loading extension 'screenshots@mozilla.org': Reading manifest: Invalid extension permission: about:reader*

(firefox:9414): GLib-GIO-WARNING **: 17:49:56.603: /etc/xdg/kde-mimeapps.list contains a [Added Associations] group, but it is not permitted here.  Only the non-desktop-specific mimeapps.list file may add or remove associations.
Gtk-Message: 17:49:57.100: Failed to load module "appmenu-gtk-module"
Gtk-Message: 17:49:57.282: Failed to load module "appmenu-gtk-module"
1569167398211	Marionette	INFO	Listening on port 32893
Gtk-Message: 17:49:58.245: Failed to load module "appmenu-gtk-module"
1569167398277	Marionette	WARN	TLS certificate errors will be ignored for this session
JavaScript error: https://cdnjs.cloudflare.com/ajax/libs/bootstrap-datepicker/1.3.1/js/bootstrap-datepicker.min.js, line 1: TypeError: t is not a function
JavaScript error: https://cdnjs.cloudflare.com/ajax/libs/bootstrap-datepicker/1.3.1/js/locales/bootstrap-datepicker.nl.min.js, line 1: ReferenceError: jQuery is not defined
1569167400886	Marionette	INFO	Stopped listening on port 32893
1569167413660	mozrunner::runner	INFO	Running command: "/usr/bin/firefox" "-marionette" "--start-maximized" "-foreground" "-no-remote" "-profile" "/tmp/rust_mozprofileMoexQw"
Gtk-Message: 17:50:13.759: Failed to load module "appmenu-gtk-module"
1569167414185	addons.webextension.screenshots@mozilla.org	WARN	Loading extension 'screenshots@mozilla.org': Reading manifest: Invalid extension permission: mozillaAddons
1569167414185	addons.webextension.screenshots@mozilla.org	WARN	Loading extension 'screenshots@mozilla.org': Reading manifest: Invalid extension permission: telemetry
1569167414185	addons.webextension.screenshots@mozilla.org	WARN	Loading extension 'screenshots@mozilla.org': Reading manifest: Invalid extension permission: resource://pdf.js/
1569167414185	addons.webextension.screenshots@mozilla.org	WARN	Loading extension 'screenshots@mozilla.org': Reading manifest: Invalid extension permission: about:reader*

(firefox:9651): GLib-GIO-WARNING **: 17:50:14.388: /etc/xdg/kde-mimeapps.list contains a [Added Associations] group, but it is not permitted here.  Only the non-desktop-specific mimeapps.list file may add or remove associations.
Gtk-Message: 17:50:14.876: Failed to load module "appmenu-gtk-module"
Gtk-Message: 17:50:15.040: Failed to load module "appmenu-gtk-module"
1569167416019	Marionette	INFO	Listening on port 34173
Gtk-Message: 17:50:16.023: Failed to load module "appmenu-gtk-module"
1569167416067	Marionette	WARN	TLS certificate errors will be ignored for this session
JavaScript error: https://cdnjs.cloudflare.com/ajax/libs/bootstrap-datepicker/1.3.1/js/bootstrap-datepicker.min.js, line 1: TypeError: t is not a function
JavaScript error: https://cdnjs.cloudflare.com/ajax/libs/bootstrap-datepicker/1.3.1/js/locales/bootstrap-datepicker.nl.min.js, line 1: ReferenceError: jQuery is not defined
1569167418799	Marionette	INFO	Stopped listening on port 34173
1569167493801	mozrunner::runner	INFO	Running command: "/usr/bin/firefox" "-marionette" "--start-maximized" "-foreground" "-no-remote" "-profile" "/tmp/rust_mozprofileAnPcAs"
Gtk-Message: 17:51:33.913: Failed to load module "appmenu-gtk-module"
1569167494345	addons.webextension.screenshots@mozilla.org	WARN	Loading extension 'screenshots@mozilla.org': Reading manifest: Invalid extension permission: mozillaAddons
1569167494345	addons.webextension.screenshots@mozilla.org	WARN	Loading extension 'screenshots@mozilla.org': Reading manifest: Invalid extension permission: telemetry
1569167494345	addons.webextension.screenshots@mozilla.org	WARN	Loading extension 'screenshots@mozilla.org': Reading manifest: Invalid extension permission: resource://pdf.js/
1569167494345	addons.webextension.screenshots@mozilla.org	WARN	Loading extension 'screenshots@mozilla.org': Reading manifest: Invalid extension permission: about:reader*

(firefox:9911): GLib-GIO-WARNING **: 17:51:34.543: /etc/xdg/kde-mimeapps.list contains a [Added Associations] group, but it is not permitted here.  Only the non-desktop-specific mimeapps.list file may add or remove associations.
Gtk-Message: 17:51:35.036: Failed to load module "appmenu-gtk-module"
Gtk-Message: 17:51:35.193: Failed to load module "appmenu-gtk-module"
1569167496146	Marionette	INFO	Listening on port 35431
Gtk-Message: 17:51:36.180: Failed to load module "appmenu-gtk-module"
1569167496214	Marionette	WARN	TLS certificate errors will be ignored for this session
JavaScript error: https://cdnjs.cloudflare.com/ajax/libs/bootstrap-datepicker/1.3.1/js/bootstrap-datepicker.min.js, line 1: TypeError: t is not a function
JavaScript error: https://cdnjs.cloudflare.com/ajax/libs/bootstrap-datepicker/1.3.1/js/locales/bootstrap-datepicker.nl.min.js, line 1: ReferenceError: jQuery is not defined
1569167500016	Marionette	INFO	Stopped listening on port 35431
